[19:34:30] [main/INFO] (FabricLoader/GameProvider) Loading Minecraft 1.20.1 with Fabric Loader 0.14.22
[19:34:30] [ForkJoinPool-1-worker-1/WARN] (FabricLoader/Metadata) Mod random_motd uses the version ${version} which isn't compatible with Loader's extended semantic version format (Could not parse version number component '${version}'!), SemVer is recommended for reliably evaluating dependencies and prioritizing newer version
[19:34:30] [main/INFO] (FabricLoader) Loading 38 mods:
	- fabric-api 0.86.1+1.20.1
	- fabric-api-base 0.4.30+7abfd51577
	- fabric-api-lookup-api-v1 1.6.35+4d8536c977
	- fabric-biome-api-v1 13.0.10+b3afc78b77
	- fabric-block-api-v1 1.0.9+e022e5d177
	- fabric-command-api-v2 2.2.12+b3afc78b77
	- fabric-content-registries-v0 4.0.9+b3afc78b77
	- fabric-convention-tags-v1 1.5.4+a1a980da77
	- fabric-crash-report-info-v1 0.2.18+aeb40ebe77
	- fabric-data-generation-api-v1 12.2.1+1e61dba177
	- fabric-dimensions-v1 2.1.52+b3afc78b77
	- fabric-entity-events-v1 1.5.22+b3afc78b77
	- fabric-events-interaction-v0 0.6.1+e91849a877
	- fabric-game-rule-api-v1 1.0.38+b04edc7a77
	- fabric-gametest-api-v1 1.2.12+b3afc78b77
	- fabric-item-api-v1 2.1.27+b3afc78b77
	- fabric-item-group-api-v1 4.0.10+23d9108177
	- fabric-lifecycle-events-v1 2.2.21+b3afc78b77
	- fabric-loot-api-v2 1.1.39+b3afc78b77
	- fabric-message-api-v1 5.1.7+3265161977
	- fabric-mining-level-api-v1 2.1.49+b3afc78b77
	- fabric-networking-api-v1 1.3.9+b3afc78b77
	- fabric-object-builder-api-v1 11.1.1+6beca84877
	- fabric-particles-v1 1.1.1+201a23a077
	- fabric-recipe-api-v1 1.0.19+b3afc78b77
	- fabric-registry-sync-v0 2.3.1+4df89eb277
	- fabric-rendering-data-attachment-v1 0.3.34+b3afc78b77
	- fabric-rendering-fluids-v1 3.0.27+b3afc78b77
	- fabric-resource-conditions-api-v1 2.3.5+ea08f9d877
	- fabric-resource-loader-v0 0.11.9+132c48c177
	- fabric-screen-handler-api-v1 1.3.28+b3afc78b77
	- fabric-transfer-api-v1 3.3.0+cdf060b277
	- fabric-transitive-access-wideners-v1 4.3.0+6c31357e77
	- fabricloader 0.14.22
	- java 17
	- minecraft 1.20.1
	- placeholder-api 2.1.2+1.20.1
	- random_motd ${version}
[19:34:30] [main/INFO] (FabricLoader/Mixin) SpongePowered MIXIN Subsystem Version=0.8.5 Source=file:/Users/elliemercer/.gradle/caches/modules-2/files-2.1/net.fabricmc/sponge-mixin/0.12.5+mixin.0.8.5/8d31fb97c3e0cd7c8dad3441851c523bcfae6d8e/sponge-mixin-0.12.5+mixin.0.8.5.jar Service=Knot/Fabric Env=SERVER
[19:34:31] [main/INFO] (FabricLoader/Mixin) Loaded Fabric development mappings for mixin remapper!
[19:34:31] [main/INFO] (FabricLoader/Mixin) Compatibility level set to JAVA_16
[19:34:31] [main/INFO] (FabricLoader/Mixin) Compatibility level set to JAVA_17
[19:34:35] [main/INFO] (Minecraft) Environment: authHost='https://authserver.mojang.com', accountsHost='https://api.mojang.com', sessionHost='https://sessionserver.mojang.com', servicesHost='https://api.minecraftservices.com', name='PROD'
[19:34:36] [main/INFO] (Minecraft) Loaded 7 recipes
[19:34:36] [main/INFO] (Minecraft) Loaded 1271 advancements
[19:34:37] [main/INFO] (BiomeModificationImpl) Applied 0 biome modifications to 0 of 64 new biomes in 1.353 ms
[19:34:37] [Server thread/INFO] (Minecraft) Starting minecraft server version 1.20.1
[19:34:37] [Server thread/INFO] (Minecraft) Loading properties
[19:34:37] [Server thread/INFO] (Minecraft) Default game type: SURVIVAL
[19:34:37] [Server thread/INFO] (Minecraft) Generating keypair
[19:34:37] [Server thread/INFO] (Minecraft) Starting Minecraft server on *:25565
[19:34:37] [Server thread/INFO] (Minecraft) Using default channel type
[19:34:37] [Server thread/INFO] (Minecraft) Preparing level "world"
[19:34:38] [Server thread/INFO] (Minecraft) Preparing start region for dimension minecraft:overworld
[19:34:40] [Worker-Main-2/INFO] (Minecraft) Preparing spawn area: 0%
[19:34:40] [Worker-Main-2/INFO] (Minecraft) Preparing spawn area: 0%
[19:34:40] [Worker-Main-2/INFO] (Minecraft) Preparing spawn area: 0%
[19:34:40] [Worker-Main-2/INFO] (Minecraft) Preparing spawn area: 0%
[19:34:40] [Worker-Main-6/INFO] (Minecraft) Preparing spawn area: 32%
[19:34:41] [Server thread/INFO] (Minecraft) Time elapsed: 2310 ms
[19:34:41] [Server thread/INFO] (Minecraft) Done (3.541s)! For help, type "help"
[19:34:44] [Netty Server IO #1/INFO] (random_motd) getting random icon
[19:34:44] [Netty Server IO #2/INFO] (random_motd) getting random icon
[19:34:45] [Netty Server IO #3/INFO] (random_motd) getting random icon
[19:34:46] [Netty Server IO #4/INFO] (random_motd) getting random icon
[19:34:47] [Netty Server IO #5/INFO] (random_motd) getting random icon
